app/build/intermediates/manifest_merge_blame_file/debug/manifest-merger-blame-debug-report.txt
1<?xml version="1.0" encoding="utf-8"?>
2<manifest xmlns:android="http://schemas.android.com/apk/res/android"
3    package="com.bdtask.restoraposroomdbtab"
4    android:versionCode="1"
5    android:versionName="1.0" >
6
7    <uses-sdk
8        android:minSdkVersion="21"
8-->src\main\AndroidManifest.xml
9        android:targetSdkVersion="32" />
9-->src\main\AndroidManifest.xml
10
11    <uses-permission android:name="android.permission.BLUETOOTH" />
11-->src\main\AndroidManifest.xml:6:5-67
11-->src\main\AndroidManifest.xml:6:22-65
12    <uses-permission android:name="android.permission.BLUETOOTH_ADMIN" />
12-->src\main\AndroidManifest.xml:7:5-73
12-->src\main\AndroidManifest.xml:7:22-71
13    <uses-permission android:name="android.permission.BLUETOOTH_CONNECT" />
13-->src\main\AndroidManifest.xml:8:5-75
13-->src\main\AndroidManifest.xml:8:22-73
14
15    <queries>
15-->[com.github.dhaval2404:imagepicker:2.1] AndroidManifest.xml:9:5-19:15
16
17        <!-- Query Camera Packages -->
18        <intent>
18-->[com.github.dhaval2404:imagepicker:2.1] AndroidManifest.xml:12:9-14:18
19            <action android:name="android.media.action.IMAGE_CAPTURE" />
19-->[com.github.dhaval2404:imagepicker:2.1] AndroidManifest.xml:13:13-73
19-->[com.github.dhaval2404:imagepicker:2.1] AndroidManifest.xml:13:21-70
20        </intent>
21        <!-- Query Open Document -->
22        <intent>
22-->[com.github.dhaval2404:imagepicker:2.1] AndroidManifest.xml:16:9-18:18
23            <action android:name="android.intent.action.OPEN_DOCUMENT_TREE" />
23-->[com.github.dhaval2404:imagepicker:2.1] AndroidManifest.xml:17:13-79
23-->[com.github.dhaval2404:imagepicker:2.1] AndroidManifest.xml:17:21-76
24        </intent>
25    </queries>
26
27    <application
27-->src\main\AndroidManifest.xml:10:5-26:19
28        android:allowBackup="true"
28-->src\main\AndroidManifest.xml:11:9-35
29        android:appComponentFactory="androidx.core.app.CoreComponentFactory"
29-->[androidx.core:core:1.8.0] AndroidManifest.xml:24:18-86
30        android:debuggable="true"
31        android:icon="@mipmap/ic_launcher"
31-->src\main\AndroidManifest.xml:12:9-43
32        android:label="@string/app_name"
32-->src\main\AndroidManifest.xml:13:9-41
33        android:roundIcon="@mipmap/ic_launcher_round"
33-->src\main\AndroidManifest.xml:14:9-54
34        android:supportsRtl="true"
34-->src\main\AndroidManifest.xml:15:9-35
35        android:testOnly="true"
36        android:theme="@style/Theme.BhojonPOSLocalDB" >
36-->src\main\AndroidManifest.xml:16:9-54
37        <activity
37-->src\main\AndroidManifest.xml:17:9-25:20
38            android:name="com.bdtask.restoraposroomdbtab.MainActivity"
38-->src\main\AndroidManifest.xml:18:13-71
39            android:exported="true" >
39-->src\main\AndroidManifest.xml:19:13-36
40            <intent-filter>
40-->src\main\AndroidManifest.xml:20:13-24:29
41                <action android:name="android.intent.action.MAIN" />
41-->src\main\AndroidManifest.xml:21:17-69
41-->src\main\AndroidManifest.xml:21:25-66
42
43                <category android:name="android.intent.category.LAUNCHER" />
43-->src\main\AndroidManifest.xml:23:17-77
43-->src\main\AndroidManifest.xml:23:27-74
44            </intent-filter>
45        </activity>
46        <activity
46-->[com.github.dhaval2404:imagepicker:2.1] AndroidManifest.xml:22:9-25:68
47            android:name="com.github.dhaval2404.imagepicker.ImagePickerActivity"
47-->[com.github.dhaval2404:imagepicker:2.1] AndroidManifest.xml:23:13-81
48            android:screenOrientation="unspecified"
48-->[com.github.dhaval2404:imagepicker:2.1] AndroidManifest.xml:24:13-52
49            android:theme="@style/Theme.Transparent.ImagePicker" />
49-->[com.github.dhaval2404:imagepicker:2.1] AndroidManifest.xml:25:13-65
50        <activity
50-->[com.github.dhaval2404:imagepicker:2.1] AndroidManifest.xml:26:9-29:72
51            android:name="com.yalantis.ucrop.UCropActivity"
51-->[com.github.dhaval2404:imagepicker:2.1] AndroidManifest.xml:27:13-60
52            android:screenOrientation="portrait"
52-->[com.github.dhaval2404:imagepicker:2.1] AndroidManifest.xml:28:13-49
53            android:theme="@style/Theme.AppCompat.Light.NoActionBar" />
53-->[com.github.dhaval2404:imagepicker:2.1] AndroidManifest.xml:29:13-69
54
55        <provider
55-->[com.github.dhaval2404:imagepicker:2.1] AndroidManifest.xml:31:9-39:20
56            android:name="com.github.dhaval2404.imagepicker.ImagePickerFileProvider"
56-->[com.github.dhaval2404:imagepicker:2.1] AndroidManifest.xml:32:13-85
57            android:authorities="com.bdtask.restoraposroomdbtab.imagepicker.provider"
57-->[com.github.dhaval2404:imagepicker:2.1] AndroidManifest.xml:33:13-72
58            android:exported="false"
58-->[com.github.dhaval2404:imagepicker:2.1] AndroidManifest.xml:34:13-37
59            android:grantUriPermissions="true" >
59-->[com.github.dhaval2404:imagepicker:2.1] AndroidManifest.xml:35:13-47
60            <meta-data
60-->[com.github.dhaval2404:imagepicker:2.1] AndroidManifest.xml:36:13-38:71
61                android:name="android.support.FILE_PROVIDER_PATHS"
61-->[com.github.dhaval2404:imagepicker:2.1] AndroidManifest.xml:37:17-67
62                android:resource="@xml/image_picker_provider_paths" />
62-->[com.github.dhaval2404:imagepicker:2.1] AndroidManifest.xml:38:17-68
63        </provider>
64
65        <uses-library
65-->[androidx.window:window:1.0.0] AndroidManifest.xml:25:9-27:40
66            android:name="androidx.window.extensions"
66-->[androidx.window:window:1.0.0] AndroidManifest.xml:26:13-54
67            android:required="false" />
67-->[androidx.window:window:1.0.0] AndroidManifest.xml:27:13-37
68        <uses-library
68-->[androidx.window:window:1.0.0] AndroidManifest.xml:28:9-30:40
69            android:name="androidx.window.sidecar"
69-->[androidx.window:window:1.0.0] AndroidManifest.xml:29:13-51
70            android:required="false" />
70-->[androidx.window:window:1.0.0] AndroidManifest.xml:30:13-37
71
72        <service
72-->[androidx.room:room-runtime:2.4.3] AndroidManifest.xml:25:9-28:40
73            android:name="androidx.room.MultiInstanceInvalidationService"
73-->[androidx.room:room-runtime:2.4.3] AndroidManifest.xml:26:13-74
74            android:directBootAware="true"
74-->[androidx.room:room-runtime:2.4.3] AndroidManifest.xml:27:13-43
75            android:exported="false" />
75-->[androidx.room:room-runtime:2.4.3] AndroidManifest.xml:28:13-37
76
77        <provider
77-->[androidx.emoji2:emoji2:1.2.0] AndroidManifest.xml:24:9-32:20
78            android:name="androidx.startup.InitializationProvider"
78-->[androidx.emoji2:emoji2:1.2.0] AndroidManifest.xml:25:13-67
79            android:authorities="com.bdtask.restoraposroomdbtab.androidx-startup"
79-->[androidx.emoji2:emoji2:1.2.0] AndroidManifest.xml:26:13-68
80            android:exported="false" >
80-->[androidx.emoji2:emoji2:1.2.0] AndroidManifest.xml:27:13-37
81            <meta-data
81-->[androidx.emoji2:emoji2:1.2.0] AndroidManifest.xml:29:13-31:52
82                android:name="androidx.emoji2.text.EmojiCompatInitializer"
82-->[androidx.emoji2:emoji2:1.2.0] AndroidManifest.xml:30:17-75
83                android:value="androidx.startup" />
83-->[androidx.emoji2:emoji2:1.2.0] AndroidManifest.xml:31:17-49
84            <meta-data
84-->[androidx.lifecycle:lifecycle-process:2.4.1] AndroidManifest.xml:31:13-33:52
85                android:name="androidx.lifecycle.ProcessLifecycleInitializer"
85-->[androidx.lifecycle:lifecycle-process:2.4.1] AndroidManifest.xml:32:17-78
86                android:value="androidx.startup" />
86-->[androidx.lifecycle:lifecycle-process:2.4.1] AndroidManifest.xml:33:17-49
87        </provider>
88    </application>
89
90</manifest>